<?xml version="1.0" encoding="UTF-8"?>
<!-- Generated by org.testng.reporters.JUnitXMLReporter -->
<testsuite ignored="0" hostname="MSI" failures="1" tests="6" name="Surefire test" time="49.782" errors="0" timestamp="2024-01-26T17:31:08 EST">
  <testcase classname="dmitry.tests.ErrorValidationsTest" name="loginErrorMessageValidation" time="0.803">
    <skipped/>
  </testcase> <!-- loginErrorMessageValidation -->
  <testcase classname="dmitry.tests.ErrorValidationsTest" name="loginErrorMessageValidation" time="0.705">
    <failure type="java.lang.AssertionError" message="expected [Incorrect email or password.] but found [Incorrect email  password.]">
      <![CDATA[java.lang.AssertionError: expected [Incorrect email or password.] but found [Incorrect email  password.]
at dmitry.tests.ErrorValidationsTest.loginErrorMessageValidation(ErrorValidationsTest.java:26)
at java.base/java.util.ArrayList.forEach(ArrayList.java:1596)
... Removed 36 stack frames]]>
    </failure>
  </testcase> <!-- loginErrorMessageValidation -->
  <testcase classname="dmitry.tests.ErrorValidationsTest" name="noOtherItemsinCartValidation" time="2.982"/>
  <testcase classname="dmitry.tests.SubmitOrderTest" name="submitOrder" time="4.019"/>
  <testcase classname="dmitry.tests.SubmitOrderTest" name="submitOrder" time="4.071"/>
  <testcase classname="dmitry.tests.SubmitOrderTest" name="OrderHistoryTest" time="1.061"/>
</testsuite> <!-- Surefire test -->
